<?xml version="1.0" encoding="UTF-8"?>
<!-- Generated by org.testng.reporters.JUnitReportReporter -->
<testsuite hostname="DESKTOP-GHR87TD" failures="0" tests="1" name="com.qa.testcases.LoginPageTest" time="7.665" errors="0" timestamp="2024-06-10T13:15:21 IST" skipped="0">
  <testcase classname="com.qa.testcases.LoginPageTest" name="loginPageTitleTest" time="7.665"/>
  <system-out/>
</testsuite> <!-- com.qa.testcases.LoginPageTest -->
