<?xml version="1.0" encoding="UTF-8"?>
<!-- Generated by org.testng.reporters.JUnitReportReporter -->
<testsuite hostname="DESKTOP-GHR87TD" failures="0" tests="1" name="com.qa.testcases.LoginPageTest" time="23.084" errors="0" timestamp="2025-01-13T21:19:21 IST" skipped="0">
  <testcase classname="com.qa.testcases.LoginPageTest" name="LoginpageTest" time="23.084"/>
  <system-out/>
</testsuite> <!-- com.qa.testcases.LoginPageTest -->
