<?xml version="1.0" encoding="UTF-8"?>
<!-- Generated by org.testng.reporters.JUnitReportReporter -->
<testsuite hostname="DESKTOP-GHR87TD" failures="0" tests="1" name="com.qa.testcases.LoginPageTest" time="22.624" errors="0" timestamp="2024-06-10T15:58:25 IST" skipped="0">
  <testcase classname="com.qa.testcases.LoginPageTest" name="SignUpPageTest" time="22.624"/>
  <system-out/>
</testsuite> <!-- com.qa.testcases.LoginPageTest -->
