<?xml version="1.0" encoding="UTF-8"?>
<!-- Generated by org.testng.reporters.JUnitReportReporter -->
<testsuite hostname="DESKTOP-GHR87TD" failures="0" tests="2" name="com.qa.testcases.LoginPageTest" time="36.569" errors="0" timestamp="2024-10-03T22:04:37 IST" skipped="0">
  <testcase classname="com.qa.testcases.LoginPageTest" name="loginPageTitleTest" time="13.242"/>
  <system-out/>
  <testcase classname="com.qa.testcases.LoginPageTest" name="LoginpageTest" time="23.327"/>
  <system-out/>
</testsuite> <!-- com.qa.testcases.LoginPageTest -->
