<?xml version="1.0" encoding="UTF-8"?>
<!-- Generated by org.testng.reporters.JUnitReportReporter -->
<testsuite hostname="DESKTOP-GHR87TD" failures="0" tests="2" name="com.qa.testcases.LoginPageTest" time="14.880" errors="0" timestamp="2024-10-02T21:33:36 IST" skipped="0">
  <testcase classname="com.qa.testcases.LoginPageTest" name="loginPageTitleTest" time="7.134"/>
  <system-out/>
  <testcase classname="com.qa.testcases.LoginPageTest" name="LoginpageTest" time="7.746"/>
  <system-out/>
</testsuite> <!-- com.qa.testcases.LoginPageTest -->
