<?xml version="1.0" encoding="UTF-8"?>
<!-- Generated by org.testng.reporters.JUnitReportReporter -->
<testsuite hostname="DESKTOP-GHR87TD" failures="0" tests="3" name="com.qa.testcases.LoginPageTest" time="24.782" errors="0" timestamp="2024-06-13T21:27:46 IST" skipped="0">
  <testcase classname="com.qa.testcases.LoginPageTest" name="loginPageTitleTest" time="2.909"/>
  <system-out/>
  <testcase classname="com.qa.testcases.LoginPageTest" name="SignUpPageTest" time="11.454"/>
  <system-out/>
  <testcase classname="com.qa.testcases.LoginPageTest" name="LoginpageTest" time="10.419"/>
  <system-out/>
</testsuite> <!-- com.qa.testcases.LoginPageTest -->
