<?xml version="1.0" encoding="UTF-8"?>
<!-- Generated by org.testng.reporters.JUnitReportReporter -->
<testsuite hostname="DESKTOP-GHR87TD" failures="0" tests="3" name="com.qa.testcases.LoginPageTest" time="24.254" errors="0" timestamp="2024-09-19T12:21:00 IST" skipped="0">
  <testcase classname="com.qa.testcases.LoginPageTest" name="loginPageTitleTest" time="3.032"/>
  <system-out/>
  <testcase classname="com.qa.testcases.LoginPageTest" name="SignUpPageTest" time="14.243"/>
  <system-out/>
  <testcase classname="com.qa.testcases.LoginPageTest" name="LoginpageTest" time="6.979"/>
  <system-out/>
</testsuite> <!-- com.qa.testcases.LoginPageTest -->
